<?xml version="1.0" encoding="UTF-8"?>
<!-- Generated by org.testng.reporters.JUnitReportReporter -->
<testsuite hostname="LAPTOP-SSKFI1SS" failures="0" tests="3" name="hashMapIntoDataProvider.MapwithDataProvider" time="0.007" errors="0" timestamp="16 Sep 2020 22:10:03 GMT" skipped="0">
  <testcase classname="hashMapIntoDataProvider.MapwithDataProvider" name="test" time="0.001"/>
  <testcase classname="hashMapIntoDataProvider.MapwithDataProvider" name="test" time="0.000"/>
  <testcase classname="hashMapIntoDataProvider.MapwithDataProvider" name="test" time="0.006"/>
</testsuite> <!-- hashMapIntoDataProvider.MapwithDataProvider -->
